#
# There is insufficient memory for the Java Runtime Environment to continue.
# Native memory allocation (mmap) failed to map 268435456 bytes for G1 virtual space
# Possible reasons:
#   The system is out of physical RAM or swap space
#   The process is running with CompressedOops enabled, and the Java Heap may be blocking the growth of the native heap
# Possible solutions:
#   Reduce memory load on the system
#   Increase physical memory or swap space
#   Check if swap backing store is full
#   Decrease Java heap size (-Xmx/-Xms)
#   Decrease number of Java threads
#   Decrease Java thread stack sizes (-Xss)
#   Set larger code cache with -XX:ReservedCodeCacheSize=
#   JVM is running with Zero Based Compressed Oops mode in which the Java heap is
#     placed in the first 32GB address space. The Java Heap base address is the
#     maximum limit for the native heap growth. Please use -XX:HeapBaseMinAddress
#     to set the Java Heap base and to place the Java Heap above 32GB virtual address.
# This output file may be truncated or incomplete.
#
#  Out of Memory Error (./open/src/hotspot/os/windows/os_windows.cpp:3472), pid=12088, tid=22768
#
# JRE version:  (15.0.1+9) (build )
# Java VM: OpenJDK 64-Bit Server VM (15.0.1+9-18, mixed mode, sharing, tiered, compressed oops, g1 gc, windows-amd64)
# No core dump will be written. Minidumps are not enabled by default on client versions of Windows
#

---------------  S U M M A R Y ------------

Command Line: -Dfile.encoding=Cp1251 -XX:+ShowCodeDetailsInExceptionMessages Ex_03.main

Host: Intel(R) Core(TM) i3-8100 CPU @ 3.60GHz, 4 cores, 15G,  Windows 10 , 64 bit Build 19041 (10.0.19041.662)
Time: Sat Dec 12 17:56:45 2020 Фінляндія (зима) elapsed time: 0.010259 seconds (0d 0h 0m 0s)

---------------  T H R E A D  ---------------

Current thread (0x000001d5465a17a0):  JavaThread "Unknown thread" [_thread_in_vm, id=22768, stack(0x000000b2bff00000,0x000000b2c0000000)]

Stack: [0x000000b2bff00000,0x000000b2c0000000]
Native frames: (J=compiled Java code, j=interpreted, Vv=VM code, C=native code)
V  [jvm.dll+0x62ae9a]
V  [jvm.dll+0x781389]
V  [jvm.dll+0x782ae3]
V  [jvm.dll+0x783143]
V  [jvm.dll+0x216265]
V  [jvm.dll+0x6281d9]
V  [jvm.dll+0x61cd15]
V  [jvm.dll+0x2d01fd]
V  [jvm.dll+0x2d0062]
V  [jvm.dll+0x2d603c]
V  [jvm.dll+0x325b2a]
V  [jvm.dll+0x3251f4]
V  [jvm.dll+0x2a717a]
V  [jvm.dll+0x2a8318]
V  [jvm.dll+0x75e101]
V  [jvm.dll+0x3343e4]
V  [jvm.dll+0x73e826]
V  [jvm.dll+0x3b7777]
V  [jvm.dll+0x3b9201]
C  [jli.dll+0x52fb]
C  [ucrtbase.dll+0x214c2]
C  [KERNEL32.DLL+0x17034]
C  [ntdll.dll+0x4d0d1]


---------------  P R O C E S S  ---------------

Threads class SMR info:
_java_thread_list=0x00007ffde4d64ff0, length=0, elements={
}

Java Threads: ( => current thread )

Other Threads:
  0x000001d5465f0ad0 GCTaskThread "GC Thread#0" [stack: 0x000000b2c0000000,0x000000b2c0100000] [id=1076]
  0x000001d5466033a0 ConcurrentGCThread "G1 Main Marker" [stack: 0x000000b2c0100000,0x000000b2c0200000] [id=22128]
  0x000001d546603f20 ConcurrentGCThread "G1 Conc#0" [stack: 0x000000b2c0200000,0x000000b2c0300000] [id=12072]

[error occurred during error reporting (printing all threads), id 0xc0000005, EXCEPTION_ACCESS_VIOLATION (0xc0000005) at pc=0x00007ffde4558047]

VM state: not at safepoint (not fully initialized)

VM Mutex/Monitor currently owned by a thread:  ([mutex/lock_event])
[0x000001d54659bed0] Heap_lock - owner thread: 0x000001d5465a17a0

Heap address: 0x0000000700c00000, size: 4084 MB, Compressed Oops mode: Zero based, Oop shift amount: 3
CDS archive(s) mapped at: [0x0000000000000000-0x0000000000000000-0x0000000000000000), size 0, SharedBaseAddress: 0x0000000800000000, ArchiveRelocationMode: 0.
Narrow klass base: 0x0000000000000000, Narrow klass shift: 0, Narrow klass range: 0x0

Heap:
 garbage-first heap   total 262144K, used 0K [0x0000000700c00000, 0x0000000800000000)
  region size 2048K, 0 young (0K), 0 survivors (0K)
 Metaspace       used 0K, capacity 0K, committed 0K, reserved 0K
  class space    used 0K, capacity 0K, committed 0K, reserved 0K

Heap Regions: E=young(eden), S=young(survivor), O=old, HS=humongous(starts), HC=humongous(continues), CS=collection set, F=free, OA=open archive, CA=closed archive, TAMS=top-at-mark-start (previous, next)

Card table byte_map: [0x000001d5597c0000,0x000001d559fc0000] _byte_map_base: 0x000001d555fba000

Marking Bits (Prev, Next): (CMBitMap*) 0x000001d5465f2260, (CMBitMap*) 0x000001d5465f22a0
 Prev Bits: [0x000001d55a7c0000, 0x000001d55e790000)
 Next Bits: [0x000001d55e790000, 0x000001d562760000)

GC Heap History (0 events):
No events

Deoptimization events (0 events):
No events

Classes unloaded (0 events):
No events

Classes redefined (0 events):
No events

Internal exceptions (0 events):
No events

Events (1 events):
Event: 0.006 Loaded shared library C:\Users\Технік\.p2\pool\plugins\org.eclipse.justj.openjdk.hotspot.jre.full.win32.x86_64_15.0.1.v20201027-0507\jre\bin\java.dll


Dynamic libraries:
0x00007ff74e3a0000 - 0x00007ff74e3ad000 	C:\Users\Технік\.p2\pool\plugins\org.eclipse.justj.openjdk.hotspot.jre.full.win32.x86_64_15.0.1.v20201027-0507\jre\bin\javaw.exe
0x00007ffe42510000 - 0x00007ffe42706000 	C:\Windows\SYSTEM32\ntdll.dll
0x00007ffe41390000 - 0x00007ffe4144d000 	C:\Windows\System32\KERNEL32.DLL
0x00007ffe3fd30000 - 0x00007ffe3fff9000 	C:\Windows\System32\KERNELBASE.dll
0x00007ffe40050000 - 0x00007ffe40150000 	C:\Windows\System32\ucrtbase.dll
0x00007ffe2a390000 - 0x00007ffe2a3a8000 	C:\Users\Технік\.p2\pool\plugins\org.eclipse.justj.openjdk.hotspot.jre.full.win32.x86_64_15.0.1.v20201027-0507\jre\bin\jli.dll
0x00007ffe41530000 - 0x00007ffe416d0000 	C:\Windows\System32\USER32.dll
0x00007ffe3fd00000 - 0x00007ffe3fd22000 	C:\Windows\System32\win32u.dll
0x00007ffe40570000 - 0x00007ffe4059a000 	C:\Windows\System32\GDI32.dll
0x00007ffe402a0000 - 0x00007ffe403a9000 	C:\Windows\System32\gdi32full.dll
0x00007ffe40200000 - 0x00007ffe4029d000 	C:\Windows\System32\msvcp_win.dll
0x00007ffe290e0000 - 0x00007ffe290f9000 	C:\Users\Технік\.p2\pool\plugins\org.eclipse.justj.openjdk.hotspot.jre.full.win32.x86_64_15.0.1.v20201027-0507\jre\bin\VCRUNTIME140.dll
0x00007ffe2d6e0000 - 0x00007ffe2d97b000 	C:\Windows\WinSxS\amd64_microsoft.windows.common-controls_6595b64144ccf1df_6.0.19041.488_none_ca04af081b815d21\COMCTL32.dll
0x00007ffe40600000 - 0x00007ffe4069e000 	C:\Windows\System32\msvcrt.dll
0x00007ffe40760000 - 0x00007ffe40790000 	C:\Windows\System32\IMM32.DLL
0x00007ffe2d2e0000 - 0x00007ffe2d2ec000 	C:\Users\Технік\.p2\pool\plugins\org.eclipse.justj.openjdk.hotspot.jre.full.win32.x86_64_15.0.1.v20201027-0507\jre\bin\vcruntime140_1.dll
0x00007ffe21710000 - 0x00007ffe217a1000 	C:\Users\Технік\.p2\pool\plugins\org.eclipse.justj.openjdk.hotspot.jre.full.win32.x86_64_15.0.1.v20201027-0507\jre\bin\msvcp140.dll
0x00007ffde42a0000 - 0x00007ffde4dfe000 	C:\Users\Технік\.p2\pool\plugins\org.eclipse.justj.openjdk.hotspot.jre.full.win32.x86_64_15.0.1.v20201027-0507\jre\bin\server\jvm.dll
0x00007ffe40960000 - 0x00007ffe40a0c000 	C:\Windows\System32\ADVAPI32.dll
0x00007ffe40790000 - 0x00007ffe4082c000 	C:\Windows\System32\sechost.dll
0x00007ffe42270000 - 0x00007ffe4239b000 	C:\Windows\System32\RPCRT4.dll
0x00007ffe406a0000 - 0x00007ffe406a8000 	C:\Windows\System32\PSAPI.DLL
0x00007ffe3ad50000 - 0x00007ffe3ad59000 	C:\Windows\SYSTEM32\WSOCK32.dll
0x00007ffe38f70000 - 0x00007ffe38f97000 	C:\Windows\SYSTEM32\WINMM.dll
0x00007ffe3a4f0000 - 0x00007ffe3a4fa000 	C:\Windows\SYSTEM32\VERSION.dll
0x00007ffe41880000 - 0x00007ffe418eb000 	C:\Windows\System32\WS2_32.dll
0x00007ffe3dbc0000 - 0x00007ffe3dbd2000 	C:\Windows\SYSTEM32\kernel.appcore.dll
0x00007ffe2a380000 - 0x00007ffe2a38a000 	C:\Users\Технік\.p2\pool\plugins\org.eclipse.justj.openjdk.hotspot.jre.full.win32.x86_64_15.0.1.v20201027-0507\jre\bin\jimage.dll
0x00007ffe2a8c0000 - 0x00007ffe2aaa4000 	C:\Windows\SYSTEM32\DBGHELP.DLL
0x00007ffe29f70000 - 0x00007ffe29f9c000 	C:\Windows\SYSTEM32\dbgcore.DLL
0x00007ffe3fc50000 - 0x00007ffe3fcd0000 	C:\Windows\System32\bcryptPrimitives.dll
0x00007ffe216e0000 - 0x00007ffe21705000 	C:\Users\Технік\.p2\pool\plugins\org.eclipse.justj.openjdk.hotspot.jre.full.win32.x86_64_15.0.1.v20201027-0507\jre\bin\java.dll

dbghelp: loaded successfully - version: 4.0.5 - missing functions: none
symbol engine: initialized successfully - sym options: 0x614 - pdb path: .;C:\Users\Технік\.p2\pool\plugins\org.eclipse.justj.openjdk.hotspot.jre.full.win32.x86_64_15.0.1.v20201027-0507\jre\bin;C:\Windows\SYSTEM32;C:\Windows\WinSxS\amd64_microsoft.windows.common-controls_6595b64144ccf1df_6.0.19041.488_none_ca04af081b815d21;C:\Users\Технік\.p2\pool\plugins\org.eclipse.justj.openjdk.hotspot.jre.full.win32.x86_64_15.0.1.v20201027-0507\jre\bin\server

VM Arguments:
jvm_args: -Dfile.encoding=Cp1251 -XX:+ShowCodeDetailsInExceptionMessages 
java_command: Ex_03.main
java_class_path (initial): C:\Users\Технік\eclipse-workspace\Lesson-12\bin
Launcher Type: SUN_STANDARD

[Global flags]
     intx CICompilerCount                          = 3                                         {product} {ergonomic}
     uint ConcGCThreads                            = 1                                         {product} {ergonomic}
     uint G1ConcRefinementThreads                  = 4                                         {product} {ergonomic}
   size_t G1HeapRegionSize                         = 2097152                                   {product} {ergonomic}
    uintx GCDrainStackTargetSize                   = 64                                        {product} {ergonomic}
   size_t InitialHeapSize                          = 268435456                                 {product} {ergonomic}
   size_t MarkStackSize                            = 4194304                                   {product} {ergonomic}
   size_t MaxHeapSize                              = 4282384384                                {product} {ergonomic}
   size_t MinHeapDeltaBytes                        = 2097152                                   {product} {ergonomic}
   size_t MinHeapSize                              = 8388608                                   {product} {ergonomic}
    uintx NonNMethodCodeHeapSize                   = 5832780                                {pd product} {ergonomic}
    uintx NonProfiledCodeHeapSize                  = 122912730                              {pd product} {ergonomic}
    uintx ProfiledCodeHeapSize                     = 122912730                              {pd product} {ergonomic}
    uintx ReservedCodeCacheSize                    = 251658240                              {pd product} {ergonomic}
     bool SegmentedCodeCache                       = true                                      {product} {ergonomic}
     bool ShowCodeDetailsInExceptionMessages       = true                                   {manageable} {command line}
   size_t SoftMaxHeapSize                          = 4282384384                             {manageable} {ergonomic}
     bool UseCompressedClassPointers               = true                                 {lp64_product} {ergonomic}
     bool UseCompressedOops                        = true                                 {lp64_product} {ergonomic}
     bool UseG1GC                                  = true                                      {product} {ergonomic}
     bool UseLargePagesIndividualAllocation        = false                                  {pd product} {ergonomic}

Logging:
Log output configuration:
 #0: stdout all=warning uptime,level,tags
 #1: stderr all=off uptime,level,tags

Environment Variables:
PATH=C:/Program Files/Java/jdk-11.0.9/bin/server;C:/Program Files/Java/jdk-11.0.9/bin;C:\Python39\Scripts\;C:\Python39\;C:\Program Files\Common Files\Oracle\Java\javapath;C:\Program Files (x86)\Common Files\Oracle\Java\javapath;C:\Windows\system32;C:\Windows;C:\Windows\System32\Wbem;C:\Windows\System32\WindowsPowerShell\v1.0\;C:\Windows\System32\OpenSSH\;C:\Program Files\dotnet\;C:\Program Files\Microsoft SQL Server\130\Tools\Binn\;C:\Program Files\Microsoft SQL Server\Client SDK\ODBC\170\Tools\Binn\;C:\Program Files\NVIDIA Corporation\NVIDIA NvDLISR;e:\Program Files\Microsoft VS Code\bin;C:\Program Files\Git\cmd;C:\Program Files (x86)\NVIDIA Corporation\PhysX\Common;C:\Program Files\nodejs\;C:\ProgramData\chocolatey\bin;C:\Program Files (x86)\Common Files\Acronis\VirtualFile\;C:\Program Files (x86)\Common Files\Acronis\VirtualFile64\;C:\Program Files (x86)\Common Files\Acronis\FileProtector\;C:\Program Files (x86)\Common Files\Acronis\FileProtector64\;C:\Program Files (x86)\Common Files\Acronis\SnapAPI\;C:\Program Files\MySQL\MySQL Shell 8.0\bin\;C:\Users\Технік\AppData\Local\Microsoft\WindowsApps;C:\Users\Технік\AppData\Roaming\npm;C:\Users\Технік\Desktop;
USERNAME=Технік
OS=Windows_NT
PROCESSOR_IDENTIFIER=Intel64 Family 6 Model 158 Stepping 11, GenuineIntel



---------------  S Y S T E M  ---------------

OS:
 Windows 10 , 64 bit Build 19041 (10.0.19041.662)
OS uptime: 1 days 4:14 hours

CPU: total 4 (initial active 4) (4 cores per cpu, 1 threads per core) family 6 model 158 stepping 11 microcode 0xb4, cmov, cx8, fxsr, mmx, sse, sse2, sse3, ssse3, sse4.1, sse4.2, popcnt, vzeroupper, avx, avx2, aes, clmul, erms, 3dnowpref, lzcnt, tsc, tscinvbit, bmi1, bmi2, adx, fma, clflush, clflushopt

Memory: 4k page, system-wide physical 16332M (7554M free)
TotalPageFile size 26536M (AvailPageFile size 133M)
current process WorkingSet (physical memory assigned to process): 10M, peak: 10M
current process commit charge ("private bytes"): 51M, peak: 307M

vm_info: OpenJDK 64-Bit Server VM (15.0.1+9-18) for windows-amd64 JRE (15.0.1+9-18), built on Sep 15 2020 14:39:31 by "mach5one" with unknown MS VC++:1925

END.
